#
# There is insufficient memory for the Java Runtime Environment to continue.
# Native memory allocation (mmap) failed to map 1073741824 bytes for Failed to commit area from 0x0000000401400000 to 0x0000000441400000 of length 1073741824.
# Possible reasons:
#   The system is out of physical RAM or swap space
#   The process is running with CompressedOops enabled, and the Java Heap may be blocking the growth of the native heap
# Possible solutions:
#   Reduce memory load on the system
#   Increase physical memory or swap space
#   Check if swap backing store is full
#   Decrease Java heap size (-Xmx/-Xms)
#   Decrease number of Java threads
#   Decrease Java thread stack sizes (-Xss)
#   Set larger code cache with -XX:ReservedCodeCacheSize=
# This output file may be truncated or incomplete.
#
#  Out of Memory Error (./src/hotspot/os/windows/os_windows.cpp:3387), pid=7412, tid=29420
#
# JRE version:  (11.0.14.1+1) (build )
# Java VM: OpenJDK 64-Bit Server VM (11.0.14.1+1, mixed mode, sharing, tiered, compressed oops, g1 gc, windows-amd64)
# No core dump will be written. Minidumps are not enabled by default on client versions of Windows
#

---------------  S U M M A R Y ------------

Command Line: -Dfile.encoding=UTF-8 

Host: AMD Ryzen 7 5800X3D 8-Core Processor           , 16 cores, 63G,  Windows 10 , 64 bit Build 19041 (10.0.19041.3636)
Time: Thu May  2 23:39:11 2024 FLE Daylight Time elapsed time: 0.006519 seconds (0d 0h 0m 0s)

---------------  T H R E A D  ---------------

Current thread (0x000001b370eb2800):  JavaThread "Unknown thread" [_thread_in_vm, id=29420, stack(0x0000009fa1100000,0x0000009fa1200000)]

Stack: [0x0000009fa1100000,0x0000009fa1200000]
Native frames: (J=compiled Java code, j=interpreted, Vv=VM code, C=native code)
V  [jvm.dll+0x61e59a]
V  [jvm.dll+0x7aaca9]
V  [jvm.dll+0x7ac398]
V  [jvm.dll+0x7aca73]
V  [jvm.dll+0x24f9b8]
V  [jvm.dll+0x61b83a]
V  [jvm.dll+0x6100c5]
V  [jvm.dll+0x30772c]
V  [jvm.dll+0x3075b2]
V  [jvm.dll+0x30c2d6]
V  [jvm.dll+0x35272f]
V  [jvm.dll+0x352160]
V  [jvm.dll+0x2e4728]
V  [jvm.dll+0x2e5886]
V  [jvm.dll+0x784b07]
V  [jvm.dll+0x78628f]
V  [jvm.dll+0x35f479]
V  [jvm.dll+0x767aa0]
V  [jvm.dll+0x3ccf1f]
V  [jvm.dll+0x3cf2b1]
C  [jli.dll+0x5207]
C  [ucrtbase.dll+0x21bb2]
C  [KERNEL32.DLL+0x17344]
C  [ntdll.dll+0x526b1]


---------------  P R O C E S S  ---------------

Threads class SMR info:
_java_thread_list=0x000001b36ebf2c20, length=0, elements={
}

Java Threads: ( => current thread )

Other Threads:
  0x000001b370ecc800 GCTaskThread "GC Thread#0" [stack: 0x0000009fa1200000,0x0000009fa1300000] [id=34976]
  0x000001b370f8a000 ConcurrentGCThread "G1 Main Marker" [stack: 0x0000009fa1300000,0x0000009fa1400000] [id=24436]
  0x000001b370f8b800 ConcurrentGCThread "G1 Conc#0" [stack: 0x0000009fa1400000,0x0000009fa1500000] [id=11284]

[error occurred during error reporting (printing all threads), id 0xc0000005, EXCEPTION_ACCESS_VIOLATION (0xc0000005) at pc=0x00007ffa1d023ef7]

VM state:not at safepoint (not fully initialized)

VM Mutex/Monitor currently owned by a thread:  ([mutex/lock_event])
[0x000001b370eaefe0] Heap_lock - owner thread: 0x000001b370eb2800

Heap address: 0x0000000401400000, size: 16364 MB, Compressed Oops mode: Non-zero based: 0x0000000401400000
Narrow klass base: 0x0000000000000000, Narrow klass shift: 0

GC Heap History (0 events):
No events

Deoptimization events (0 events):
No events

Classes redefined (0 events):
No events

Internal exceptions (0 events):
No events

Events (1 events):
Event: 0.004 Loaded shared library D:\Unity\2022.3.9f1\Editor\Data\PlaybackEngines\AndroidPlayer\OpenJDK\bin\zip.dll


Dynamic libraries:
0x00007ff7613f0000 - 0x00007ff7613fd000 	D:\Unity\2022.3.9f1\Editor\Data\PlaybackEngines\AndroidPlayer\OpenJDK\bin\java.exe
0x00007ffb03330000 - 0x00007ffb03528000 	C:\WINDOWS\SYSTEM32\ntdll.dll
0x00007ffb02250000 - 0x00007ffb0230d000 	C:\WINDOWS\System32\KERNEL32.DLL
0x00007ffb00d00000 - 0x00007ffb00ff6000 	C:\WINDOWS\System32\KERNELBASE.dll
0x00007ffb01260000 - 0x00007ffb01360000 	C:\WINDOWS\System32\ucrtbase.dll
0x00007ffae7f70000 - 0x00007ffae7f87000 	D:\Unity\2022.3.9f1\Editor\Data\PlaybackEngines\AndroidPlayer\OpenJDK\bin\jli.dll
0x00007ffae7f50000 - 0x00007ffae7f65000 	D:\Unity\2022.3.9f1\Editor\Data\PlaybackEngines\AndroidPlayer\OpenJDK\bin\VCRUNTIME140.dll
0x00007ffb02000000 - 0x00007ffb0219f000 	C:\WINDOWS\System32\USER32.dll
0x00007ffb00b20000 - 0x00007ffb00b42000 	C:\WINDOWS\System32\win32u.dll
0x00007ffaf7440000 - 0x00007ffaf76da000 	C:\WINDOWS\WinSxS\amd64_microsoft.windows.common-controls_6595b64144ccf1df_6.0.19041.3636_none_60b6a03d71f818d5\COMCTL32.dll
0x00007ffb032c0000 - 0x00007ffb032eb000 	C:\WINDOWS\System32\GDI32.dll
0x00007ffb029d0000 - 0x00007ffb02a6e000 	C:\WINDOWS\System32\msvcrt.dll
0x00007ffb01000000 - 0x00007ffb01117000 	C:\WINDOWS\System32\gdi32full.dll
0x00007ffb009e0000 - 0x00007ffb00a7d000 	C:\WINDOWS\System32\msvcp_win.dll
0x00007ffb02210000 - 0x00007ffb02242000 	C:\WINDOWS\System32\IMM32.DLL
0x00007ffae7e10000 - 0x00007ffae7eab000 	D:\Unity\2022.3.9f1\Editor\Data\PlaybackEngines\AndroidPlayer\OpenJDK\bin\msvcp140.dll
0x00007ffa1cd30000 - 0x00007ffa1d8b1000 	D:\Unity\2022.3.9f1\Editor\Data\PlaybackEngines\AndroidPlayer\OpenJDK\bin\server\jvm.dll
0x00007ffb02b40000 - 0x00007ffb02bf0000 	C:\WINDOWS\System32\ADVAPI32.dll
0x00007ffb023d0000 - 0x00007ffb02470000 	C:\WINDOWS\System32\sechost.dll
0x00007ffb02ca0000 - 0x00007ffb02dc3000 	C:\WINDOWS\System32\RPCRT4.dll
0x00007ffb00af0000 - 0x00007ffb00b17000 	C:\WINDOWS\System32\bcrypt.dll
0x00007ffb01ff0000 - 0x00007ffb01ff8000 	C:\WINDOWS\System32\PSAPI.DLL
0x00007ffabd3a0000 - 0x00007ffabd3a9000 	C:\WINDOWS\SYSTEM32\WSOCK32.dll
0x00007ffaf4b90000 - 0x00007ffaf4bb7000 	C:\WINDOWS\SYSTEM32\WINMM.dll
0x00007ffaf9980000 - 0x00007ffaf998a000 	C:\WINDOWS\SYSTEM32\VERSION.dll
0x00007ffb021a0000 - 0x00007ffb0220b000 	C:\WINDOWS\System32\WS2_32.dll
0x00007ffafe890000 - 0x00007ffafe8a2000 	C:\WINDOWS\SYSTEM32\kernel.appcore.dll
0x00007ffafe100000 - 0x00007ffafe110000 	D:\Unity\2022.3.9f1\Editor\Data\PlaybackEngines\AndroidPlayer\OpenJDK\bin\verify.dll
0x00007ffaf8460000 - 0x00007ffaf8644000 	C:\WINDOWS\SYSTEM32\DBGHELP.DLL
0x00007ffadf550000 - 0x00007ffadf584000 	C:\WINDOWS\SYSTEM32\dbgcore.DLL
0x00007ffb01120000 - 0x00007ffb011a2000 	C:\WINDOWS\System32\bcryptPrimitives.dll
0x00007ffae7f20000 - 0x00007ffae7f48000 	D:\Unity\2022.3.9f1\Editor\Data\PlaybackEngines\AndroidPlayer\OpenJDK\bin\java.dll
0x00007ffae8010000 - 0x00007ffae801a000 	D:\Unity\2022.3.9f1\Editor\Data\PlaybackEngines\AndroidPlayer\OpenJDK\bin\jimage.dll
0x00007ffae7df0000 - 0x00007ffae7e08000 	D:\Unity\2022.3.9f1\Editor\Data\PlaybackEngines\AndroidPlayer\OpenJDK\bin\zip.dll

dbghelp: loaded successfully - version: 4.0.5 - missing functions: none
symbol engine: initialized successfully - sym options: 0x614 - pdb path: .;D:\Unity\2022.3.9f1\Editor\Data\PlaybackEngines\AndroidPlayer\OpenJDK\bin;C:\WINDOWS\SYSTEM32;C:\WINDOWS\WinSxS\amd64_microsoft.windows.common-controls_6595b64144ccf1df_6.0.19041.3636_none_60b6a03d71f818d5;D:\Unity\2022.3.9f1\Editor\Data\PlaybackEngines\AndroidPlayer\OpenJDK\bin\server

VM Arguments:
jvm_args: -Dfile.encoding=UTF-8 
java_command: <unknown>
java_class_path (initial): <not set>
Launcher Type: SUN_STANDARD

[Global flags]
     intx CICompilerCount                          = 12                                        {product} {ergonomic}
     uint ConcGCThreads                            = 3                                         {product} {ergonomic}
     uint G1ConcRefinementThreads                  = 13                                        {product} {ergonomic}
   size_t G1HeapRegionSize                         = 4194304                                   {product} {ergonomic}
    uintx GCDrainStackTargetSize                   = 64                                        {product} {ergonomic}
   size_t InitialHeapSize                          = 1073741824                                {product} {ergonomic}
   size_t MarkStackSize                            = 4194304                                   {product} {ergonomic}
   size_t MaxHeapSize                              = 17158897664                               {product} {ergonomic}
   size_t MinHeapDeltaBytes                        = 4194304                                   {product} {ergonomic}
    uintx NonNMethodCodeHeapSize                   = 7594288                                {pd product} {ergonomic}
    uintx NonProfiledCodeHeapSize                  = 122031976                              {pd product} {ergonomic}
    uintx ProfiledCodeHeapSize                     = 122031976                              {pd product} {ergonomic}
    uintx ReservedCodeCacheSize                    = 251658240                              {pd product} {ergonomic}
     bool SegmentedCodeCache                       = true                                      {product} {ergonomic}
     bool UseCompressedClassPointers               = true                                 {lp64_product} {ergonomic}
     bool UseCompressedOops                        = true                                 {lp64_product} {ergonomic}
     bool UseG1GC                                  = true                                      {product} {ergonomic}
     bool UseLargePagesIndividualAllocation        = false                                  {pd product} {ergonomic}

Logging:
Log output configuration:
 #0: stdout all=warning uptime,level,tags
 #1: stderr all=off uptime,level,tags

Environment Variables:
JAVA_HOME=D:\Unity\2022.3.9f1\Editor\Data\PlaybackEngines\AndroidPlayer\OpenJDK
JAVA_TOOL_OPTIONS=-Dfile.encoding=UTF-8
PATH=G:\Oculus\Support\oculus-runtime;c:\windows\system32;c:\windows;c:\windows\system32\wbem;c:\windows\system32\windowspowershell\v1.0\;c:\windows\system32\openssh\;C:\Program Files (x86)\NVIDIA Corporation\PhysX\Common;C:\Program Files\Git\cmd;c:\Users\ManQusti\AppData\Roaming\Code\User\globalStorage\ms-dotnettools.vscode-dotnet-runtime\.dotnet\7.0.11\dotnet.exe;C:\Program Files (x86)\dotnet;C:\Program Files\dotnet\;C:\Program Files (x86)\Windows Kits\10\Windows Performance Toolkit\;C:\Users\ManQusti\AppData\Local\Microsoft\WindowsApps;E:\Microsoft VS Code\bin;C:\Users\ManQusti\AppData\Local\GitHubDesktop\bin;C:\Users\ManQusti\.dotnet\tools;D:\Software\vcpkg;D:\Software\vcpkg\installed\x64-windows\bin;D:\Software\SQLite3;
USERNAME=ManQusti
OS=Windows_NT
PROCESSOR_IDENTIFIER=AMD64 Family 25 Model 33 Stepping 2, AuthenticAMD



---------------  S Y S T E M  ---------------

OS: Windows 10 , 64 bit Build 19041 (10.0.19041.3636)
OS uptime: 0 days 2:59 hours

CPU:total 16 (initial active 16) (16 cores per cpu, 2 threads per core) family 25 model 33 stepping 2 microcode 0x0, cmov, cx8, fxsr, mmx, sse, sse2, sse3, ssse3, sse4.1, sse4.2, popcnt, avx, avx2, aes, clmul, erms, mmxext, 3dnowpref, lzcnt, sse4a, ht, tsc, tscinvbit, tscinv, bmi1, bmi2, adx, sha, fma

Memory: 4k page, system-wide physical 65447M (31872M free)
TotalPageFile size 77447M (AvailPageFile size 1009M)
current process WorkingSet (physical memory assigned to process): 10M, peak: 10M
current process commit charge ("private bytes"): 71M, peak: 1095M

vm_info: OpenJDK 64-Bit Server VM (11.0.14.1+1) for windows-amd64 JRE (11.0.14.1+1), built on Feb  9 2022 01:48:27 by "" with unknown MS VC++:1916

END.
