#
# There is insufficient memory for the Java Runtime Environment to continue.
# Native memory allocation (mmap) failed to map 1073741824 bytes for Failed to commit area from 0x0000000401400000 to 0x0000000441400000 of length 1073741824.
# Possible reasons:
#   The system is out of physical RAM or swap space
#   The process is running with CompressedOops enabled, and the Java Heap may be blocking the growth of the native heap
# Possible solutions:
#   Reduce memory load on the system
#   Increase physical memory or swap space
#   Check if swap backing store is full
#   Decrease Java heap size (-Xmx/-Xms)
#   Decrease number of Java threads
#   Decrease Java thread stack sizes (-Xss)
#   Set larger code cache with -XX:ReservedCodeCacheSize=
# This output file may be truncated or incomplete.
#
#  Out of Memory Error (./src/hotspot/os/windows/os_windows.cpp:3387), pid=31956, tid=32032
#
# JRE version:  (11.0.14.1+1) (build )
# Java VM: OpenJDK 64-Bit Server VM (11.0.14.1+1, mixed mode, sharing, tiered, compressed oops, g1 gc, windows-amd64)
# No core dump will be written. Minidumps are not enabled by default on client versions of Windows
#

---------------  S U M M A R Y ------------

Command Line: -Dfile.encoding=UTF-8 org.gradle.launcher.GradleMain -Dorg.gradle.jvmargs=-Xmx4096m --stop

Host: AMD Ryzen 7 5800X3D 8-Core Processor           , 16 cores, 63G,  Windows 10 , 64 bit Build 19041 (10.0.19041.3636)
Time: Tue Apr 30 16:07:24 2024 FLE Daylight Time elapsed time: 0.006463 seconds (0d 0h 0m 0s)

---------------  T H R E A D  ---------------

Current thread (0x0000020c1a1c2800):  JavaThread "Unknown thread" [_thread_in_vm, id=32032, stack(0x0000005d4d800000,0x0000005d4d900000)]

Stack: [0x0000005d4d800000,0x0000005d4d900000]
Native frames: (J=compiled Java code, j=interpreted, Vv=VM code, C=native code)
V  [jvm.dll+0x61e59a]
V  [jvm.dll+0x7aaca9]
V  [jvm.dll+0x7ac398]
V  [jvm.dll+0x7aca73]
V  [jvm.dll+0x24f9b8]
V  [jvm.dll+0x61b83a]
V  [jvm.dll+0x6100c5]
V  [jvm.dll+0x30772c]
V  [jvm.dll+0x3075b2]
V  [jvm.dll+0x30c2d6]
V  [jvm.dll+0x35272f]
V  [jvm.dll+0x352160]
V  [jvm.dll+0x2e4728]
V  [jvm.dll+0x2e5886]
V  [jvm.dll+0x784b07]
V  [jvm.dll+0x78628f]
V  [jvm.dll+0x35f479]
V  [jvm.dll+0x767aa0]
V  [jvm.dll+0x3ccf1f]
V  [jvm.dll+0x3cf2b1]
C  [jli.dll+0x5207]
C  [ucrtbase.dll+0x21bb2]
C  [KERNEL32.DLL+0x17344]
C  [ntdll.dll+0x526b1]


---------------  P R O C E S S  ---------------

Threads class SMR info:
_java_thread_list=0x0000020c180000a0, length=0, elements={
}

Java Threads: ( => current thread )

Other Threads:
  0x0000020c1a1dc800 GCTaskThread "GC Thread#0" [stack: 0x0000005d4d900000,0x0000005d4da00000] [id=32136]
  0x0000020c1a29b800 ConcurrentGCThread "G1 Main Marker" [stack: 0x0000005d4da00000,0x0000005d4db00000] [id=32140]
  0x0000020c1a29d000 ConcurrentGCThread "G1 Conc#0" [stack: 0x0000005d4db00000,0x0000005d4dc00000] [id=31900]

[error occurred during error reporting (printing all threads), id 0xc0000005, EXCEPTION_ACCESS_VIOLATION (0xc0000005) at pc=0x00007ffa15763ef7]

VM state:not at safepoint (not fully initialized)

VM Mutex/Monitor currently owned by a thread:  ([mutex/lock_event])
[0x0000020c1a1bdb70] Heap_lock - owner thread: 0x0000020c1a1c2800

Heap address: 0x0000000401400000, size: 16364 MB, Compressed Oops mode: Non-zero based: 0x0000000401400000
Narrow klass base: 0x0000000000000000, Narrow klass shift: 0

GC Heap History (0 events):
No events

Deoptimization events (0 events):
No events

Classes redefined (0 events):
No events

Internal exceptions (0 events):
No events

Events (1 events):
Event: 0.004 Loaded shared library D:\Unity\2022.3.9f1\Editor\Data\PlaybackEngines\AndroidPlayer\OpenJDK\bin\zip.dll


Dynamic libraries:
0x00007ff745f50000 - 0x00007ff745f5d000 	D:\Unity\2022.3.9f1\Editor\Data\PlaybackEngines\AndroidPlayer\OpenJDK\bin\java.exe
0x00007ffac3c90000 - 0x00007ffac3e88000 	C:\WINDOWS\SYSTEM32\ntdll.dll
0x00007ffac37b0000 - 0x00007ffac386d000 	C:\WINDOWS\System32\KERNEL32.DLL
0x00007ffac1730000 - 0x00007ffac1a26000 	C:\WINDOWS\System32\KERNELBASE.dll
0x00007ffac15b0000 - 0x00007ffac16b0000 	C:\WINDOWS\System32\ucrtbase.dll
0x00007ffabe6d0000 - 0x00007ffabe6e7000 	D:\Unity\2022.3.9f1\Editor\Data\PlaybackEngines\AndroidPlayer\OpenJDK\bin\jli.dll
0x00007ffabe6b0000 - 0x00007ffabe6c5000 	D:\Unity\2022.3.9f1\Editor\Data\PlaybackEngines\AndroidPlayer\OpenJDK\bin\VCRUNTIME140.dll
0x00007ffac2410000 - 0x00007ffac25af000 	C:\WINDOWS\System32\USER32.dll
0x00007ffab3500000 - 0x00007ffab379a000 	C:\WINDOWS\WinSxS\amd64_microsoft.windows.common-controls_6595b64144ccf1df_6.0.19041.3636_none_60b6a03d71f818d5\COMCTL32.dll
0x00007ffac1700000 - 0x00007ffac1722000 	C:\WINDOWS\System32\win32u.dll
0x00007ffac23e0000 - 0x00007ffac240b000 	C:\WINDOWS\System32\GDI32.dll
0x00007ffac2cb0000 - 0x00007ffac2d4e000 	C:\WINDOWS\System32\msvcrt.dll
0x00007ffac1340000 - 0x00007ffac1457000 	C:\WINDOWS\System32\gdi32full.dll
0x00007ffac1460000 - 0x00007ffac14fd000 	C:\WINDOWS\System32\msvcp_win.dll
0x00007ffac2760000 - 0x00007ffac2792000 	C:\WINDOWS\System32\IMM32.DLL
0x00007ffa59160000 - 0x00007ffa591fb000 	D:\Unity\2022.3.9f1\Editor\Data\PlaybackEngines\AndroidPlayer\OpenJDK\bin\msvcp140.dll
0x00007ffa15470000 - 0x00007ffa15ff1000 	D:\Unity\2022.3.9f1\Editor\Data\PlaybackEngines\AndroidPlayer\OpenJDK\bin\server\jvm.dll
0x00007ffac2d50000 - 0x00007ffac2e00000 	C:\WINDOWS\System32\ADVAPI32.dll
0x00007ffac2340000 - 0x00007ffac23e0000 	C:\WINDOWS\System32\sechost.dll
0x00007ffac2e10000 - 0x00007ffac2f33000 	C:\WINDOWS\System32\RPCRT4.dll
0x00007ffac1a30000 - 0x00007ffac1a57000 	C:\WINDOWS\System32\bcrypt.dll
0x00007ffac2e00000 - 0x00007ffac2e08000 	C:\WINDOWS\System32\PSAPI.DLL
0x00007ffabbd50000 - 0x00007ffabbd59000 	C:\WINDOWS\SYSTEM32\WSOCK32.dll
0x00007ffab5650000 - 0x00007ffab5677000 	C:\WINDOWS\SYSTEM32\WINMM.dll
0x00007ffab8520000 - 0x00007ffab852a000 	C:\WINDOWS\SYSTEM32\VERSION.dll
0x00007ffac26f0000 - 0x00007ffac275b000 	C:\WINDOWS\System32\WS2_32.dll
0x00007ffabf1f0000 - 0x00007ffabf202000 	C:\WINDOWS\SYSTEM32\kernel.appcore.dll
0x00007ffab3310000 - 0x00007ffab3320000 	D:\Unity\2022.3.9f1\Editor\Data\PlaybackEngines\AndroidPlayer\OpenJDK\bin\verify.dll
0x00007ffaae900000 - 0x00007ffaaeae4000 	C:\WINDOWS\SYSTEM32\DBGHELP.DLL
0x00007ffaa3940000 - 0x00007ffaa3974000 	C:\WINDOWS\SYSTEM32\dbgcore.DLL
0x00007ffac1c30000 - 0x00007ffac1cb2000 	C:\WINDOWS\System32\bcryptPrimitives.dll
0x00007ffab2740000 - 0x00007ffab2768000 	D:\Unity\2022.3.9f1\Editor\Data\PlaybackEngines\AndroidPlayer\OpenJDK\bin\java.dll
0x00007ffab3300000 - 0x00007ffab330a000 	D:\Unity\2022.3.9f1\Editor\Data\PlaybackEngines\AndroidPlayer\OpenJDK\bin\jimage.dll
0x00007ffab3140000 - 0x00007ffab3158000 	D:\Unity\2022.3.9f1\Editor\Data\PlaybackEngines\AndroidPlayer\OpenJDK\bin\zip.dll

dbghelp: loaded successfully - version: 4.0.5 - missing functions: none
symbol engine: initialized successfully - sym options: 0x614 - pdb path: .;D:\Unity\2022.3.9f1\Editor\Data\PlaybackEngines\AndroidPlayer\OpenJDK\bin;C:\WINDOWS\SYSTEM32;C:\WINDOWS\WinSxS\amd64_microsoft.windows.common-controls_6595b64144ccf1df_6.0.19041.3636_none_60b6a03d71f818d5;D:\Unity\2022.3.9f1\Editor\Data\PlaybackEngines\AndroidPlayer\OpenJDK\bin\server

VM Arguments:
jvm_args: -Dfile.encoding=UTF-8 
java_command: org.gradle.launcher.GradleMain -Dorg.gradle.jvmargs=-Xmx4096m --stop
java_class_path (initial): D:\Unity\2022.3.9f1\Editor\Data\PlaybackEngines\AndroidPlayer\Tools\gradle\lib\gradle-launcher-7.2.jar
Launcher Type: SUN_STANDARD

[Global flags]
     intx CICompilerCount                          = 12                                        {product} {ergonomic}
     uint ConcGCThreads                            = 3                                         {product} {ergonomic}
     uint G1ConcRefinementThreads                  = 13                                        {product} {ergonomic}
   size_t G1HeapRegionSize                         = 4194304                                   {product} {ergonomic}
    uintx GCDrainStackTargetSize                   = 64                                        {product} {ergonomic}
   size_t InitialHeapSize                          = 1073741824                                {product} {ergonomic}
   size_t MarkStackSize                            = 4194304                                   {product} {ergonomic}
   size_t MaxHeapSize                              = 17158897664                               {product} {ergonomic}
   size_t MinHeapDeltaBytes                        = 4194304                                   {product} {ergonomic}
    uintx NonNMethodCodeHeapSize                   = 7594288                                {pd product} {ergonomic}
    uintx NonProfiledCodeHeapSize                  = 122031976                              {pd product} {ergonomic}
    uintx ProfiledCodeHeapSize                     = 122031976                              {pd product} {ergonomic}
    uintx ReservedCodeCacheSize                    = 251658240                              {pd product} {ergonomic}
     bool SegmentedCodeCache                       = true                                      {product} {ergonomic}
     bool UseCompressedClassPointers               = true                                 {lp64_product} {ergonomic}
     bool UseCompressedOops                        = true                                 {lp64_product} {ergonomic}
     bool UseG1GC                                  = true                                      {product} {ergonomic}
     bool UseLargePagesIndividualAllocation        = false                                  {pd product} {ergonomic}

Logging:
Log output configuration:
 #0: stdout all=warning uptime,level,tags
 #1: stderr all=off uptime,level,tags

Environment Variables:
JAVA_HOME=D:\Unity\2022.3.9f1\Editor\Data\PlaybackEngines\AndroidPlayer\OpenJDK
JAVA_TOOL_OPTIONS=-Dfile.encoding=UTF-8
PATH=G:\Oculus\Support\oculus-runtime;c:\windows\system32;c:\windows;c:\windows\system32\wbem;c:\windows\system32\windowspowershell\v1.0\;c:\windows\system32\openssh\;C:\Program Files (x86)\NVIDIA Corporation\PhysX\Common;C:\Program Files\Git\cmd;c:\Users\ManQusti\AppData\Roaming\Code\User\globalStorage\ms-dotnettools.vscode-dotnet-runtime\.dotnet\7.0.11\dotnet.exe;C:\Program Files (x86)\dotnet;C:\Program Files\dotnet\;C:\Program Files (x86)\Windows Kits\10\Windows Performance Toolkit\;C:\Users\ManQusti\AppData\Local\Microsoft\WindowsApps;E:\Microsoft VS Code\bin;C:\Users\ManQusti\AppData\Local\GitHubDesktop\bin;C:\Users\ManQusti\.dotnet\tools;D:\Software\vcpkg;D:\Software\vcpkg\installed\x64-windows\bin;D:\Software\SQLite3;
USERNAME=ManQusti
OS=Windows_NT
PROCESSOR_IDENTIFIER=AMD64 Family 25 Model 33 Stepping 2, AuthenticAMD



---------------  S Y S T E M  ---------------

OS: Windows 10 , 64 bit Build 19041 (10.0.19041.3636)
OS uptime: 0 days 3:56 hours

CPU:total 16 (initial active 16) (16 cores per cpu, 2 threads per core) family 25 model 33 stepping 2 microcode 0x0, cmov, cx8, fxsr, mmx, sse, sse2, sse3, ssse3, sse4.1, sse4.2, popcnt, avx, avx2, aes, clmul, erms, mmxext, 3dnowpref, lzcnt, sse4a, ht, tsc, tscinvbit, tscinv, bmi1, bmi2, adx, sha, fma

Memory: 4k page, system-wide physical 65447M (20466M free)
TotalPageFile size 77447M (AvailPageFile size 125M)
current process WorkingSet (physical memory assigned to process): 10M, peak: 10M
current process commit charge ("private bytes"): 71M, peak: 1095M

vm_info: OpenJDK 64-Bit Server VM (11.0.14.1+1) for windows-amd64 JRE (11.0.14.1+1), built on Feb  9 2022 01:48:27 by "" with unknown MS VC++:1916

END.
