#
# There is insufficient memory for the Java Runtime Environment to continue.
# Native memory allocation (mmap) failed to map 1073741824 bytes for Failed to commit area from 0x0000000401400000 to 0x0000000441400000 of length 1073741824.
# Possible reasons:
#   The system is out of physical RAM or swap space
#   The process is running with CompressedOops enabled, and the Java Heap may be blocking the growth of the native heap
# Possible solutions:
#   Reduce memory load on the system
#   Increase physical memory or swap space
#   Check if swap backing store is full
#   Decrease Java heap size (-Xmx/-Xms)
#   Decrease number of Java threads
#   Decrease Java thread stack sizes (-Xss)
#   Set larger code cache with -XX:ReservedCodeCacheSize=
# This output file may be truncated or incomplete.
#
#  Out of Memory Error (./src/hotspot/os/windows/os_windows.cpp:3387), pid=7852, tid=2688
#
# JRE version:  (11.0.14.1+1) (build )
# Java VM: OpenJDK 64-Bit Server VM (11.0.14.1+1, mixed mode, sharing, tiered, compressed oops, g1 gc, windows-amd64)
# No core dump will be written. Minidumps are not enabled by default on client versions of Windows
#

---------------  S U M M A R Y ------------

Command Line: -Dfile.encoding=UTF-8 

Host: AMD Ryzen 7 5800X3D 8-Core Processor           , 16 cores, 63G,  Windows 10 , 64 bit Build 19041 (10.0.19041.3636)
Time: Thu May  2 17:47:50 2024 FLE Daylight Time elapsed time: 0.006167 seconds (0d 0h 0m 0s)

---------------  T H R E A D  ---------------

Current thread (0x0000019d63633800):  JavaThread "Unknown thread" [_thread_in_vm, id=2688, stack(0x0000009474f00000,0x0000009475000000)]

Stack: [0x0000009474f00000,0x0000009475000000]
Native frames: (J=compiled Java code, j=interpreted, Vv=VM code, C=native code)
V  [jvm.dll+0x61e59a]
V  [jvm.dll+0x7aaca9]
V  [jvm.dll+0x7ac398]
V  [jvm.dll+0x7aca73]
V  [jvm.dll+0x24f9b8]
V  [jvm.dll+0x61b83a]
V  [jvm.dll+0x6100c5]
V  [jvm.dll+0x30772c]
V  [jvm.dll+0x3075b2]
V  [jvm.dll+0x30c2d6]
V  [jvm.dll+0x35272f]
V  [jvm.dll+0x352160]
V  [jvm.dll+0x2e4728]
V  [jvm.dll+0x2e5886]
V  [jvm.dll+0x784b07]
V  [jvm.dll+0x78628f]
V  [jvm.dll+0x35f479]
V  [jvm.dll+0x767aa0]
V  [jvm.dll+0x3ccf1f]
V  [jvm.dll+0x3cf2b1]
C  [jli.dll+0x5207]
C  [ucrtbase.dll+0x21bb2]
C  [KERNEL32.DLL+0x17344]
C  [ntdll.dll+0x526b1]


---------------  P R O C E S S  ---------------

Threads class SMR info:
_java_thread_list=0x0000019d613e37c0, length=0, elements={
}

Java Threads: ( => current thread )

Other Threads:
  0x0000019d6364c000 GCTaskThread "GC Thread#0" [stack: 0x0000009475000000,0x0000009475100000] [id=5884]
  0x0000019d6370c000 ConcurrentGCThread "G1 Main Marker" [stack: 0x0000009475100000,0x0000009475200000] [id=856]
  0x0000019d6370d000 ConcurrentGCThread "G1 Conc#0" [stack: 0x0000009475200000,0x0000009475300000] [id=19536]

[error occurred during error reporting (printing all threads), id 0xc0000005, EXCEPTION_ACCESS_VIOLATION (0xc0000005) at pc=0x00007ffdcc813ef7]

VM state:not at safepoint (not fully initialized)

VM Mutex/Monitor currently owned by a thread:  ([mutex/lock_event])
[0x0000019d6362e9e0] Heap_lock - owner thread: 0x0000019d63633800

Heap address: 0x0000000401400000, size: 16364 MB, Compressed Oops mode: Non-zero based: 0x0000000401400000
Narrow klass base: 0x0000000000000000, Narrow klass shift: 0

GC Heap History (0 events):
No events

Deoptimization events (0 events):
No events

Classes redefined (0 events):
No events

Internal exceptions (0 events):
No events

Events (1 events):
Event: 0.004 Loaded shared library D:\Unity\2022.3.9f1\Editor\Data\PlaybackEngines\AndroidPlayer\OpenJDK\bin\zip.dll


Dynamic libraries:
0x00007ff73c810000 - 0x00007ff73c81d000 	D:\Unity\2022.3.9f1\Editor\Data\PlaybackEngines\AndroidPlayer\OpenJDK\bin\java.exe
0x00007ffe9f5d0000 - 0x00007ffe9f7c8000 	C:\WINDOWS\SYSTEM32\ntdll.dll
0x00007ffe9f1f0000 - 0x00007ffe9f2ad000 	C:\WINDOWS\System32\KERNEL32.DLL
0x00007ffe9d300000 - 0x00007ffe9d5f6000 	C:\WINDOWS\System32\KERNELBASE.dll
0x00007ffe9cea0000 - 0x00007ffe9cfa0000 	C:\WINDOWS\System32\ucrtbase.dll
0x00007ffe70c00000 - 0x00007ffe70c17000 	D:\Unity\2022.3.9f1\Editor\Data\PlaybackEngines\AndroidPlayer\OpenJDK\bin\jli.dll
0x00007ffe70be0000 - 0x00007ffe70bf5000 	D:\Unity\2022.3.9f1\Editor\Data\PlaybackEngines\AndroidPlayer\OpenJDK\bin\VCRUNTIME140.dll
0x00007ffe9e7b0000 - 0x00007ffe9e94f000 	C:\WINDOWS\System32\USER32.dll
0x00007ffe9d0d0000 - 0x00007ffe9d0f2000 	C:\WINDOWS\System32\win32u.dll
0x00007ffe88500000 - 0x00007ffe8879a000 	C:\WINDOWS\WinSxS\amd64_microsoft.windows.common-controls_6595b64144ccf1df_6.0.19041.3636_none_60b6a03d71f818d5\COMCTL32.dll
0x00007ffe9f4f0000 - 0x00007ffe9f51b000 	C:\WINDOWS\System32\GDI32.dll
0x00007ffe9ece0000 - 0x00007ffe9ed7e000 	C:\WINDOWS\System32\msvcrt.dll
0x00007ffe9cc80000 - 0x00007ffe9cd97000 	C:\WINDOWS\System32\gdi32full.dll
0x00007ffe9d100000 - 0x00007ffe9d19d000 	C:\WINDOWS\System32\msvcp_win.dll
0x00007ffe9eca0000 - 0x00007ffe9ecd2000 	C:\WINDOWS\System32\IMM32.DLL
0x00007ffe6e280000 - 0x00007ffe6e31b000 	D:\Unity\2022.3.9f1\Editor\Data\PlaybackEngines\AndroidPlayer\OpenJDK\bin\msvcp140.dll
0x00007ffdcc520000 - 0x00007ffdcd0a1000 	D:\Unity\2022.3.9f1\Editor\Data\PlaybackEngines\AndroidPlayer\OpenJDK\bin\server\jvm.dll
0x00007ffe9f330000 - 0x00007ffe9f3e0000 	C:\WINDOWS\System32\ADVAPI32.dll
0x00007ffe9e950000 - 0x00007ffe9e9f0000 	C:\WINDOWS\System32\sechost.dll
0x00007ffe9dc40000 - 0x00007ffe9dd63000 	C:\WINDOWS\System32\RPCRT4.dll
0x00007ffe9d0a0000 - 0x00007ffe9d0c7000 	C:\WINDOWS\System32\bcrypt.dll
0x00007ffe9e030000 - 0x00007ffe9e038000 	C:\WINDOWS\System32\PSAPI.DLL
0x00007ffe733d0000 - 0x00007ffe733d9000 	C:\WINDOWS\SYSTEM32\WSOCK32.dll
0x00007ffe8c160000 - 0x00007ffe8c187000 	C:\WINDOWS\SYSTEM32\WINMM.dll
0x00007ffe93e70000 - 0x00007ffe93e7a000 	C:\WINDOWS\SYSTEM32\VERSION.dll
0x00007ffe9f520000 - 0x00007ffe9f58b000 	C:\WINDOWS\System32\WS2_32.dll
0x00007ffe9aa50000 - 0x00007ffe9aa62000 	C:\WINDOWS\SYSTEM32\kernel.appcore.dll
0x00007ffe6f7b0000 - 0x00007ffe6f7c0000 	D:\Unity\2022.3.9f1\Editor\Data\PlaybackEngines\AndroidPlayer\OpenJDK\bin\verify.dll
0x00007ffe8a410000 - 0x00007ffe8a5f4000 	C:\WINDOWS\SYSTEM32\DBGHELP.DLL
0x00007ffe7f520000 - 0x00007ffe7f554000 	C:\WINDOWS\SYSTEM32\dbgcore.DLL
0x00007ffe9cda0000 - 0x00007ffe9ce22000 	C:\WINDOWS\System32\bcryptPrimitives.dll
0x00007ffe6f780000 - 0x00007ffe6f7a8000 	D:\Unity\2022.3.9f1\Editor\Data\PlaybackEngines\AndroidPlayer\OpenJDK\bin\java.dll
0x00007ffe6e270000 - 0x00007ffe6e27a000 	D:\Unity\2022.3.9f1\Editor\Data\PlaybackEngines\AndroidPlayer\OpenJDK\bin\jimage.dll
0x00007ffe535f0000 - 0x00007ffe53608000 	D:\Unity\2022.3.9f1\Editor\Data\PlaybackEngines\AndroidPlayer\OpenJDK\bin\zip.dll

dbghelp: loaded successfully - version: 4.0.5 - missing functions: none
symbol engine: initialized successfully - sym options: 0x614 - pdb path: .;D:\Unity\2022.3.9f1\Editor\Data\PlaybackEngines\AndroidPlayer\OpenJDK\bin;C:\WINDOWS\SYSTEM32;C:\WINDOWS\WinSxS\amd64_microsoft.windows.common-controls_6595b64144ccf1df_6.0.19041.3636_none_60b6a03d71f818d5;D:\Unity\2022.3.9f1\Editor\Data\PlaybackEngines\AndroidPlayer\OpenJDK\bin\server

VM Arguments:
jvm_args: -Dfile.encoding=UTF-8 
java_command: <unknown>
java_class_path (initial): <not set>
Launcher Type: SUN_STANDARD

[Global flags]
     intx CICompilerCount                          = 12                                        {product} {ergonomic}
     uint ConcGCThreads                            = 3                                         {product} {ergonomic}
     uint G1ConcRefinementThreads                  = 13                                        {product} {ergonomic}
   size_t G1HeapRegionSize                         = 4194304                                   {product} {ergonomic}
    uintx GCDrainStackTargetSize                   = 64                                        {product} {ergonomic}
   size_t InitialHeapSize                          = 1073741824                                {product} {ergonomic}
   size_t MarkStackSize                            = 4194304                                   {product} {ergonomic}
   size_t MaxHeapSize                              = 17158897664                               {product} {ergonomic}
   size_t MinHeapDeltaBytes                        = 4194304                                   {product} {ergonomic}
    uintx NonNMethodCodeHeapSize                   = 7594288                                {pd product} {ergonomic}
    uintx NonProfiledCodeHeapSize                  = 122031976                              {pd product} {ergonomic}
    uintx ProfiledCodeHeapSize                     = 122031976                              {pd product} {ergonomic}
    uintx ReservedCodeCacheSize                    = 251658240                              {pd product} {ergonomic}
     bool SegmentedCodeCache                       = true                                      {product} {ergonomic}
     bool UseCompressedClassPointers               = true                                 {lp64_product} {ergonomic}
     bool UseCompressedOops                        = true                                 {lp64_product} {ergonomic}
     bool UseG1GC                                  = true                                      {product} {ergonomic}
     bool UseLargePagesIndividualAllocation        = false                                  {pd product} {ergonomic}

Logging:
Log output configuration:
 #0: stdout all=warning uptime,level,tags
 #1: stderr all=off uptime,level,tags

Environment Variables:
JAVA_HOME=D:\Unity\2022.3.9f1\Editor\Data\PlaybackEngines\AndroidPlayer\OpenJDK
JAVA_TOOL_OPTIONS=-Dfile.encoding=UTF-8
PATH=G:\Oculus\Support\oculus-runtime;c:\windows\system32;c:\windows;c:\windows\system32\wbem;c:\windows\system32\windowspowershell\v1.0\;c:\windows\system32\openssh\;C:\Program Files (x86)\NVIDIA Corporation\PhysX\Common;C:\Program Files\Git\cmd;c:\Users\ManQusti\AppData\Roaming\Code\User\globalStorage\ms-dotnettools.vscode-dotnet-runtime\.dotnet\7.0.11\dotnet.exe;C:\Program Files (x86)\dotnet;C:\Program Files\dotnet\;C:\Program Files (x86)\Windows Kits\10\Windows Performance Toolkit\;C:\Users\ManQusti\AppData\Local\Microsoft\WindowsApps;E:\Microsoft VS Code\bin;C:\Users\ManQusti\AppData\Local\GitHubDesktop\bin;C:\Users\ManQusti\.dotnet\tools;D:\Software\vcpkg;D:\Software\vcpkg\installed\x64-windows\bin;D:\Software\SQLite3;
USERNAME=ManQusti
OS=Windows_NT
PROCESSOR_IDENTIFIER=AMD64 Family 25 Model 33 Stepping 2, AuthenticAMD



---------------  S Y S T E M  ---------------

OS: Windows 10 , 64 bit Build 19041 (10.0.19041.3636)
OS uptime: 0 days 3:48 hours

CPU:total 16 (initial active 16) (16 cores per cpu, 2 threads per core) family 25 model 33 stepping 2 microcode 0x0, cmov, cx8, fxsr, mmx, sse, sse2, sse3, ssse3, sse4.1, sse4.2, popcnt, avx, avx2, aes, clmul, erms, mmxext, 3dnowpref, lzcnt, sse4a, ht, tsc, tscinvbit, tscinv, bmi1, bmi2, adx, sha, fma

Memory: 4k page, system-wide physical 65447M (30444M free)
TotalPageFile size 77447M (AvailPageFile size 717M)
current process WorkingSet (physical memory assigned to process): 10M, peak: 10M
current process commit charge ("private bytes"): 71M, peak: 1095M

vm_info: OpenJDK 64-Bit Server VM (11.0.14.1+1) for windows-amd64 JRE (11.0.14.1+1), built on Feb  9 2022 01:48:27 by "" with unknown MS VC++:1916

END.
